<?xml version="1.0" encoding="UTF-8" ?>
<testsuite failures="0" time="1.95" errors="0" skipped="0" tests="63" name="gov.nist.healthcare.igamt.service.HL7DBServiceTest">
  <properties>
[...]
</properties>
  <testcase time="0.006" classname="gov.nist.healthcare.igamt.service.HL7DBServiceTest" name="testGetSupportedHL7Versions[0]"/>
  <testcase time="0.392" classname="gov.nist.healthcare.igamt.service.HL7DBServiceTest" name="testGetMessageListByVersion[0]"/>
  <testcase time="0" classname="gov.nist.healthcare.igamt.service.HL7DBServiceTest" name="testBuildIGFromMessageList[0]"/>
  <testcase time="0.25" classname="gov.nist.healthcare.igamt.service.HL7DBServiceTest" name="testGetCodeTableListByVersion[0]"/>
  <testcase time="0.178" classname="gov.nist.healthcare.igamt.service.HL7DBServiceTest" name="testGetDatatypeListByVersion[0]"/>
  <testcase time="0.293" classname="gov.nist.healthcare.igamt.service.HL7DBServiceTest" name="testGetSegmentListByVersion[0]"/>
  <testcase time="0.14" classname="gov.nist.healthcare.igamt.service.HL7DBServiceTest" name="testGetMessageByIdAndVersion[0]"/>
  <testcase time="0" classname="gov.nist.healthcare.igamt.service.HL7DBServiceTest" name="testGetSupportedHL7Versions[1]"/>
  <testcase time="0.011" classname="gov.nist.healthcare.igamt.service.HL7DBServiceTest" name="testGetMessageListByVersion[1]"/>
  <testcase time="0" classname="gov.nist.healthcare.igamt.service.HL7DBServiceTest" name="testBuildIGFromMessageList[1]"/>
  <testcase time="0.024" classname="gov.nist.healthcare.igamt.service.HL7DBServiceTest" name="testGetCodeTableListByVersion[1]"/>
  <testcase time="0.023" classname="gov.nist.healthcare.igamt.service.HL7DBServiceTest" name="testGetDatatypeListByVersion[1]"/>
  <testcase time="0.082" classname="gov.nist.healthcare.igamt.service.HL7DBServiceTest" name="testGetSegmentListByVersion[1]"/>
  <testcase time="0.064" classname="gov.nist.healthcare.igamt.service.HL7DBServiceTest" name="testGetMessageByIdAndVersion[1]"/>
  <testcase time="0.001" classname="gov.nist.healthcare.igamt.service.HL7DBServiceTest" name="testGetSupportedHL7Versions[2]"/>
  <testcase time="0.003" classname="gov.nist.healthcare.igamt.service.HL7DBServiceTest" name="testGetMessageListByVersion[2]"/>
  <testcase time="0.051" classname="gov.nist.healthcare.igamt.service.HL7DBServiceTest" name="testBuildIGFromMessageList[2]"/>
  <testcase time="0.006" classname="gov.nist.healthcare.igamt.service.HL7DBServiceTest" name="testGetCodeTableListByVersion[2]"/>
  <testcase time="0.01" classname="gov.nist.healthcare.igamt.service.HL7DBServiceTest" name="testGetDatatypeListByVersion[2]"/>
  <testcase time="0.032" classname="gov.nist.healthcare.igamt.service.HL7DBServiceTest" name="testGetSegmentListByVersion[2]"/>
  <testcase time="0.03" classname="gov.nist.healthcare.igamt.service.HL7DBServiceTest" name="testGetMessageByIdAndVersion[2]"/>
  <testcase time="0" classname="gov.nist.healthcare.igamt.service.HL7DBServiceTest" name="testGetSupportedHL7Versions[3]"/>
  <testcase time="0.005" classname="gov.nist.healthcare.igamt.service.HL7DBServiceTest" name="testGetMessageListByVersion[3]"/>
  <testcase time="0.001" classname="gov.nist.healthcare.igamt.service.HL7DBServiceTest" name="testBuildIGFromMessageList[3]"/>
  <testcase time="0.008" classname="gov.nist.healthcare.igamt.service.HL7DBServiceTest" name="testGetCodeTableListByVersion[3]"/>
  <testcase time="0.012" classname="gov.nist.healthcare.igamt.service.HL7DBServiceTest" name="testGetDatatypeListByVersion[3]"/>
  <testcase time="0.031" classname="gov.nist.healthcare.igamt.service.HL7DBServiceTest" name="testGetSegmentListByVersion[3]"/>
  <testcase time="0.033" classname="gov.nist.healthcare.igamt.service.HL7DBServiceTest" name="testGetMessageByIdAndVersion[3]"/>
  <testcase time="0" classname="gov.nist.healthcare.igamt.service.HL7DBServiceTest" name="testGetSupportedHL7Versions[4]"/>
  <testcase time="0.005" classname="gov.nist.healthcare.igamt.service.HL7DBServiceTest" name="testGetMessageListByVersion[4]"/>
  <testcase time="0" classname="gov.nist.healthcare.igamt.service.HL7DBServiceTest" name="testBuildIGFromMessageList[4]"/>
  <testcase time="0.009" classname="gov.nist.healthcare.igamt.service.HL7DBServiceTest" name="testGetCodeTableListByVersion[4]"/>
  <testcase time="0.026" classname="gov.nist.healthcare.igamt.service.HL7DBServiceTest" name="testGetDatatypeListByVersion[4]"/>
  <testcase time="0.03" classname="gov.nist.healthcare.igamt.service.HL7DBServiceTest" name="testGetSegmentListByVersion[4]"/>
  <testcase time="0.04" classname="gov.nist.healthcare.igamt.service.HL7DBServiceTest" name="testGetMessageByIdAndVersion[4]"/>
  <testcase time="0" classname="gov.nist.healthcare.igamt.service.HL7DBServiceTest" name="testGetSupportedHL7Versions[5]"/>
  <testcase time="0.003" classname="gov.nist.healthcare.igamt.service.HL7DBServiceTest" name="testGetMessageListByVersion[5]"/>
  <testcase time="0" classname="gov.nist.healthcare.igamt.service.HL7DBServiceTest" name="testBuildIGFromMessageList[5]"/>
  <testcase time="0.004" classname="gov.nist.healthcare.igamt.service.HL7DBServiceTest" name="testGetCodeTableListByVersion[5]"/>
  <testcase time="0.02" classname="gov.nist.healthcare.igamt.service.HL7DBServiceTest" name="testGetDatatypeListByVersion[5]"/>
  <testcase time="0.024" classname="gov.nist.healthcare.igamt.service.HL7DBServiceTest" name="testGetSegmentListByVersion[5]"/>
  <testcase time="0.022" classname="gov.nist.healthcare.igamt.service.HL7DBServiceTest" name="testGetMessageByIdAndVersion[5]"/>
  <testcase time="0" classname="gov.nist.healthcare.igamt.service.HL7DBServiceTest" name="testGetSupportedHL7Versions[6]"/>
  <testcase time="0.003" classname="gov.nist.healthcare.igamt.service.HL7DBServiceTest" name="testGetMessageListByVersion[6]"/>
  <testcase time="0" classname="gov.nist.healthcare.igamt.service.HL7DBServiceTest" name="testBuildIGFromMessageList[6]"/>
  <testcase time="0.005" classname="gov.nist.healthcare.igamt.service.HL7DBServiceTest" name="testGetCodeTableListByVersion[6]"/>
  <testcase time="0.008" classname="gov.nist.healthcare.igamt.service.HL7DBServiceTest" name="testGetDatatypeListByVersion[6]"/>
  <testcase time="0.012" classname="gov.nist.healthcare.igamt.service.HL7DBServiceTest" name="testGetSegmentListByVersion[6]"/>
  <testcase time="0.015" classname="gov.nist.healthcare.igamt.service.HL7DBServiceTest" name="testGetMessageByIdAndVersion[6]"/>
  <testcase time="0" classname="gov.nist.healthcare.igamt.service.HL7DBServiceTest" name="testGetSupportedHL7Versions[7]"/>
  <testcase time="0.001" classname="gov.nist.healthcare.igamt.service.HL7DBServiceTest" name="testGetMessageListByVersion[7]"/>
  <testcase time="0" classname="gov.nist.healthcare.igamt.service.HL7DBServiceTest" name="testBuildIGFromMessageList[7]"/>
  <testcase time="0.002" classname="gov.nist.healthcare.igamt.service.HL7DBServiceTest" name="testGetCodeTableListByVersion[7]"/>
  <testcase time="0.004" classname="gov.nist.healthcare.igamt.service.HL7DBServiceTest" name="testGetDatatypeListByVersion[7]"/>
  <testcase time="0.01" classname="gov.nist.healthcare.igamt.service.HL7DBServiceTest" name="testGetSegmentListByVersion[7]"/>
  <testcase time="0.009" classname="gov.nist.healthcare.igamt.service.HL7DBServiceTest" name="testGetMessageByIdAndVersion[7]"/>
  <testcase time="0" classname="gov.nist.healthcare.igamt.service.HL7DBServiceTest" name="testGetSupportedHL7Versions[8]"/>
  <testcase time="0.001" classname="gov.nist.healthcare.igamt.service.HL7DBServiceTest" name="testGetMessageListByVersion[8]"/>
  <testcase time="0" classname="gov.nist.healthcare.igamt.service.HL7DBServiceTest" name="testBuildIGFromMessageList[8]"/>
  <testcase time="0.001" classname="gov.nist.healthcare.igamt.service.HL7DBServiceTest" name="testGetCodeTableListByVersion[8]"/>
  <testcase time="0.001" classname="gov.nist.healthcare.igamt.service.HL7DBServiceTest" name="testGetDatatypeListByVersion[8]"/>
  <testcase time="0.004" classname="gov.nist.healthcare.igamt.service.HL7DBServiceTest" name="testGetSegmentListByVersion[8]"/>
  <testcase time="0.005" classname="gov.nist.healthcare.igamt.service.HL7DBServiceTest" name="testGetMessageByIdAndVersion[8]"/>
</testsuite>